<?xml version="1.0" encoding="UTF-8"?>
<!-- Generated by org.testng.reporters.JUnitXMLReporter -->
<testsuite ignored="0" hostname="Anil" failures="0" tests="4" name="Test" time="11.936" errors="0" timestamp="2024-11-13T18:48:18 IST">
  <testcase classname="TestnG.OrangeHRMTest" name="openapp" time="3.33"/>
  <testcase classname="TestnG.OrangeHRMTest" name="testLogo" time="6.592"/>
  <testcase classname="TestnG.OrangeHRMTest" name="testLogin" time="1.662"/>
  <testcase classname="TestnG.OrangeHRMTest" name="close" time="0.27"/>
</testsuite> <!-- Test -->
